build/app/intermediates/manifest_merge_blame_file/debug/manifest-merger-blame-debug-report.txt
1<?xml version="1.0" encoding="utf-8"?>
2<manifest xmlns:android="http://schemas.android.com/apk/res/android"
3    package="com.example.mask_counter"
4    android:versionCode="1"
5    android:versionName="1.0.0" >
6
7    <uses-sdk
8        android:minSdkVersion="16"
9        android:targetSdkVersion="30" />
10    <!--
11         Flutter needs it to communicate with the running application
12         to allow setting breakpoints, to provide hot reload, etc.
13    -->
14    <uses-permission android:name="android.permission.INTERNET" />
14-->src/debug/AndroidManifest.xml:6:5-66
14-->src/debug/AndroidManifest.xml:6:22-64
15    <uses-permission android:name="android.permission.ACCESS_FINE_LOCATION" />
15-->src/main/AndroidManifest.xml:3:5-79
15-->src/main/AndroidManifest.xml:3:22-76
16
17    <queries>
17-->src/main/AndroidManifest.xml:4:5-17:15
18        <intent>
18-->src/main/AndroidManifest.xml:5:9-8:18
19            <action android:name="android.intent.action.VIEW" />
19-->src/main/AndroidManifest.xml:6:13-65
19-->src/main/AndroidManifest.xml:6:21-62
20
21            <data android:scheme="https" />
21-->src/main/AndroidManifest.xml:7:13-44
21-->src/main/AndroidManifest.xml:7:19-41
22        </intent>
23        <intent>
23-->src/main/AndroidManifest.xml:9:9-12:18
24            <action android:name="android.intent.action.DIAL" />
24-->src/main/AndroidManifest.xml:10:13-65
24-->src/main/AndroidManifest.xml:10:21-62
25
26            <data android:scheme="tel" />
26-->src/main/AndroidManifest.xml:7:13-44
26-->src/main/AndroidManifest.xml:7:19-41
27        </intent>
28        <intent>
28-->src/main/AndroidManifest.xml:13:9-16:18
29            <action android:name="android.intent.action.SEND" />
29-->src/main/AndroidManifest.xml:14:13-65
29-->src/main/AndroidManifest.xml:14:21-62
30
31            <data android:mimeType="*/*" />
31-->src/main/AndroidManifest.xml:7:13-44
32        </intent>
33    </queries>
34
35    <application
35-->src/main/AndroidManifest.xml:18:4-55:19
36        android:appComponentFactory="androidx.core.app.CoreComponentFactory"
36-->[androidx.core:core:1.2.0] AndroidManifest.xml:24:18-86
37        android:debuggable="true"
38        android:icon="@mipmap/ic_launcher"
38-->src/main/AndroidManifest.xml:20:9-43
39        android:label="mask_counter" >
39-->src/main/AndroidManifest.xml:19:9-37
40        <activity
40-->src/main/AndroidManifest.xml:21:9-49:20
41            android:name="com.example.mask_counter.MainActivity"
41-->src/main/AndroidManifest.xml:22:13-41
42            android:configChanges="orientation|keyboardHidden|keyboard|screenSize|smallestScreenSize|locale|layoutDirection|fontScale|screenLayout|density|uiMode"
42-->src/main/AndroidManifest.xml:25:13-163
43            android:hardwareAccelerated="true"
43-->src/main/AndroidManifest.xml:26:13-47
44            android:launchMode="singleTop"
44-->src/main/AndroidManifest.xml:23:13-43
45            android:theme="@style/LaunchTheme"
45-->src/main/AndroidManifest.xml:24:13-47
46            android:windowSoftInputMode="adjustResize" >
46-->src/main/AndroidManifest.xml:27:13-55
47
48            <!--
49                 Specifies an Android theme to apply to this Activity as soon as
50                 the Android process has started. This theme is visible to the user
51                 while the Flutter UI initializes. After that, this theme continues
52                 to determine the Window background behind the Flutter UI.
53            -->
54            <meta-data
54-->src/main/AndroidManifest.xml:32:13-35:17
55                android:name="io.flutter.embedding.android.NormalTheme"
55-->src/main/AndroidManifest.xml:33:15-70
56                android:resource="@style/NormalTheme" />
56-->src/main/AndroidManifest.xml:34:15-52
57            <!--
58                 Displays an Android View that continues showing the launch screen
59                 Drawable until Flutter paints its first frame, then this splash
60                 screen fades out. A splash screen is useful to avoid any visual
61                 gap between the end of Android's launch screen and the painting of
62                 Flutter's first frame.
63            -->
64            <meta-data
64-->src/main/AndroidManifest.xml:41:13-44:17
65                android:name="io.flutter.embedding.android.SplashScreenDrawable"
65-->src/main/AndroidManifest.xml:42:15-79
66                android:resource="@drawable/launch_background" />
66-->src/main/AndroidManifest.xml:43:15-61
67
68            <intent-filter>
68-->src/main/AndroidManifest.xml:45:13-48:29
69                <action android:name="android.intent.action.MAIN" />
69-->src/main/AndroidManifest.xml:46:17-68
69-->src/main/AndroidManifest.xml:46:25-66
70
71                <category android:name="android.intent.category.LAUNCHER" />
71-->src/main/AndroidManifest.xml:47:17-76
71-->src/main/AndroidManifest.xml:47:27-74
72            </intent-filter>
73        </activity>
74        <!--
75             Don't delete the meta-data below.
76             This is used by the Flutter tool to generate GeneratedPluginRegistrant.java
77        -->
78        <meta-data
78-->src/main/AndroidManifest.xml:52:9-54:33
79            android:name="flutterEmbedding"
79-->src/main/AndroidManifest.xml:53:13-44
80            android:value="2" />
80-->src/main/AndroidManifest.xml:54:13-30
81
82        <activity
82-->[:url_launcher] AndroidManifest.xml:8:9-11:74
83            android:name="io.flutter.plugins.urllauncher.WebViewActivity"
83-->[:url_launcher] AndroidManifest.xml:9:13-74
84            android:exported="false"
84-->[:url_launcher] AndroidManifest.xml:10:13-37
85            android:theme="@android:style/Theme.NoTitleBar.Fullscreen" />
85-->[:url_launcher] AndroidManifest.xml:11:13-71
86        <activity
86-->[com.google.android.gms:play-services-base:17.2.1] AndroidManifest.xml:23:9-26:75
87            android:name="com.google.android.gms.common.api.GoogleApiActivity"
87-->[com.google.android.gms:play-services-base:17.2.1] AndroidManifest.xml:24:13-79
88            android:exported="false"
88-->[com.google.android.gms:play-services-base:17.2.1] AndroidManifest.xml:25:13-37
89            android:theme="@android:style/Theme.Translucent.NoTitleBar" />
89-->[com.google.android.gms:play-services-base:17.2.1] AndroidManifest.xml:26:13-72
90
91        <meta-data
91-->[com.google.android.gms:play-services-basement:17.2.1] AndroidManifest.xml:23:9-25:69
92            android:name="com.google.android.gms.version"
92-->[com.google.android.gms:play-services-basement:17.2.1] AndroidManifest.xml:24:13-58
93            android:value="@integer/google_play_services_version" />
93-->[com.google.android.gms:play-services-basement:17.2.1] AndroidManifest.xml:25:13-66
94    </application>
95
96</manifest>